Arguments: 
  /usr/local/bin/node /usr/local/Cellar/yarn/1.1.0/libexec/bin/yarn.js upgrade minimatch@latest --save --dev

PATH: 
  /usr/local/bin:/Users/heath.shults/.npm-packages/bin:/usr/local/opt/node@4/bin:/usr/local/bin:/usr/bin:/bin:/usr/sbin:/sbin:/opt/X11/bin:/Users/heath.shults/.npm-packages/bin:/usr/local/opt/node@4/bin:/Users/heath.shults/.npm-packages/bin

Yarn version: 
  1.1.0

Node version: 
  8.6.0

Platform: 
  darwin x64

npm manifest: 
  {
    "name": "usafb-ui-templates",
    "version": "1.0.1",
    "description": "html templates for usa football connect",
    "main": "index.html",
    "scripts": {
      "test": "testme"
    },
    "repository": {
      "type": "git",
      "url": "git+ssh://git@gitlab.com/bluestarsports/npdb-usafb-templates.git"
    },
    "keywords": [
      "football-marketing"
    ],
    "author": "Blue Star Sports",
    "license": "MIT",
    "bugs": {
      "url": "https://gitlab.com/bluestarsports/npdb-usafb-templates/issues"
    },
    "homepage": "https://gitlab.com/bluestarsports/npdb-usafb-templates#README",
    "devDependencies": {},
    "dependencies": {},
    "csslint": {
      "version": "^1.0.5",
      "requires": {
        "clone": "2.1.1",
        "parserlib": "1.1.1"
      },
      "dependencies": {
        "clone": {
          "version": "2.1.1"
        }
      }
    },
    "data-store": {
      "version": "0.10.1",
      "dev": true,
      "requires": {
        "base-methods": "0.2.14",
        "graceful-fs": "4.1.11",
        "has-own-deep": "0.1.4",
        "has-value": "0.2.1",
        "kind-of": "2.0.1",
        "lazy-cache": "0.2.7",
        "mkdirp": "0.5.1",
        "resolve-dir": "0.1.1",
        "rimraf": "2.6.2",
        "union-value": "0.1.1"
      },
      "dependencies": {
        "get-value": {
          "version": "2.0.6",
          "dev": true
        },
        "graceful-fs": {
          "version": "4.1.11",
          "dev": true
        },
        "has-value": {
          "version": "0.2.1",
          "dev": true,
          "requires": {
            "get-value": "2.0.6",
            "has-values": "0.1.4"
          }
        },
        "kind-of": {
          "version": "2.0.1",
          "dev": true,
          "requires": {
            "is-buffer": "1.1.5"
          }
        }
      }
    },
    "gulp": {
      "version": "3.9.1",
      "requires": {
        "archy": "1.0.0",
        "chalk": "1.1.3",
        "deprecated": "0.0.1",
        "gulp-util": "3.0.8",
        "interpret": "1.0.4",
        "liftoff": "2.3.0",
        "minimist": "1.2.0",
        "orchestrator": "0.3.8",
        "pretty-hrtime": "1.0.3",
        "semver": "4.3.6",
        "tildify": "1.2.0",
        "v8flags": "2.1.1",
        "vinyl-fs": "0.3.14"
      }
    },
    "gulp-util": {
      "version": "3.0.8",
      "requires": {
        "array-differ": "1.0.0",
        "array-uniq": "1.0.3",
        "beeper": "1.1.1",
        "chalk": "1.1.3",
        "dateformat": "2.2.0",
        "fancy-log": "1.3.0",
        "gulplog": "1.0.0",
        "has-gulplog": "0.1.0",
        "lodash._reescape": "3.0.0",
        "lodash._reevaluate": "3.0.0",
        "lodash._reinterpolate": "3.0.0",
        "lodash.template": "3.6.2",
        "minimist": "1.2.0",
        "multipipe": "0.1.2",
        "object-assign": "3.0.0",
        "replace-ext": "0.0.1",
        "through2": "2.0.3",
        "vinyl": "0.5.3"
      },
      "dependencies": {
        "through2": {
          "version": "2.0.3",
          "requires": {
            "readable-stream": "2.3.3",
            "xtend": "4.0.1"
          }
        },
        "vinyl": {
          "version": "0.5.3",
          "requires": {
            "clone": "1.0.2",
            "clone-stats": "0.0.1",
            "replace-ext": "0.0.1"
          }
        }
      }
    }
  }

yarn manifest: 
  No manifest

Lockfile: 
  # THIS IS AN AUTOGENERATED FILE. DO NOT EDIT THIS FILE DIRECTLY.
  # yarn lockfile v1
  
  
  ansi-escapes@^1.1.0, ansi-escapes@^1.1.1:
    version "1.4.0"
    resolved "https://registry.yarnpkg.com/ansi-escapes/-/ansi-escapes-1.4.0.tgz#d3a8a83b319aa67793662b13e761c7911422306e"
  
  ansi-gray@^0.1.1:
    version "0.1.1"
    resolved "https://registry.yarnpkg.com/ansi-gray/-/ansi-gray-0.1.1.tgz#2962cf54ec9792c48510a3deb524436861ef7251"
    dependencies:
      ansi-wrap "0.1.0"
  
  ansi-green@^0.1.1:
    version "0.1.1"
    resolved "https://registry.yarnpkg.com/ansi-green/-/ansi-green-0.1.1.tgz#8a5d9a979e458d57c40e33580b37390b8e10d0f7"
    dependencies:
      ansi-wrap "0.1.0"
  
  ansi-red@^0.1.1:
    version "0.1.1"
    resolved "https://registry.yarnpkg.com/ansi-red/-/ansi-red-0.1.1.tgz#8c638f9d1080800a353c9c28c8a81ca4705d946c"
    dependencies:
      ansi-wrap "0.1.0"
  
  ansi-regex@^2.0.0:
    version "2.1.1"
    resolved "https://registry.yarnpkg.com/ansi-regex/-/ansi-regex-2.1.1.tgz#c3b33ab5ee360d86e0e628f0468ae7ef27d654df"
  
  ansi-styles@^2.2.1:
    version "2.2.1"
    resolved "https://registry.yarnpkg.com/ansi-styles/-/ansi-styles-2.2.1.tgz#b432dd3358b634cf75e1e4664368240533c1ddbe"
  
  ansi-styles@^3.1.0:
    version "3.2.0"
    resolved "https://registry.yarnpkg.com/ansi-styles/-/ansi-styles-3.2.0.tgz#c159b8d5be0f9e5a6f346dab94f16ce022161b88"
    dependencies:
      color-convert "^1.9.0"
  
  ansi-wrap@0.1.0:
    version "0.1.0"
    resolved "https://registry.yarnpkg.com/ansi-wrap/-/ansi-wrap-0.1.0.tgz#a82250ddb0015e9a27ca82e82ea603bbfa45efaf"
  
  arr-diff@^2.0.0:
    version "2.0.0"
    resolved "https://registry.yarnpkg.com/arr-diff/-/arr-diff-2.0.0.tgz#8f3b827f955a8bd669697e4a4256ac3ceae356cf"
    dependencies:
      arr-flatten "^1.0.1"
  
  arr-flatten@^1.0.1:
    version "1.1.0"
    resolved "https://registry.yarnpkg.com/arr-flatten/-/arr-flatten-1.1.0.tgz#36048bbff4e7b47e136644316c99669ea5ae91f1"
  
  arr-map@^2.0.0:
    version "2.0.2"
    resolved "https://registry.yarnpkg.com/arr-map/-/arr-map-2.0.2.tgz#3a77345ffc1cf35e2a91825601f9e58f2e24cac4"
    dependencies:
      make-iterator "^1.0.0"
  
  arr-pluck@^0.1.0:
    version "0.1.0"
    resolved "https://registry.yarnpkg.com/arr-pluck/-/arr-pluck-0.1.0.tgz#f8ad6d708f87900881e23afd830d52290a766775"
    dependencies:
      arr-map "^2.0.0"
  
  arr-union@^3.0.0:
    version "3.1.0"
    resolved "https://registry.yarnpkg.com/arr-union/-/arr-union-3.1.0.tgz#e39b09aea9def866a8f206e288af63919bae39c4"
  
  array-slice@^0.2.3:
    version "0.2.3"
    resolved "https://registry.yarnpkg.com/array-slice/-/array-slice-0.2.3.tgz#dd3cfb80ed7973a75117cdac69b0b99ec86186f5"
  
  array-unique@^0.2.1:
    version "0.2.1"
    resolved "https://registry.yarnpkg.com/array-unique/-/array-unique-0.2.1.tgz#a1d97ccafcbc2625cc70fadceb36a50c58b01a53"
  
  ask-for-github-auth@^0.3.1:
    version "0.3.1"
    resolved "https://registry.yarnpkg.com/ask-for-github-auth/-/ask-for-github-auth-0.3.1.tgz#523a436d645b8af15d0af953d2684f25e406a6b0"
    dependencies:
      ask-once "^0.5.1"
      git-username "^0.4.0"
      inquirer "^0.10.1"
      question-cache "^0.3.0"
  
  ask-once@^0.5.1:
    version "0.5.1"
    resolved "https://registry.yarnpkg.com/ask-once/-/ask-once-0.5.1.tgz#42b1d9197276ee31b874136b1af94d0e8237d8a6"
    dependencies:
      data-store "^0.10.0"
      get-value "^1.2.1"
      isobject "^2.0.0"
      lazy-cache "^0.2.3"
      mixin-deep "^1.1.3"
  
  async-each-series@^1.0.0:
    version "1.1.0"
    resolved "https://registry.yarnpkg.com/async-each-series/-/async-each-series-1.1.0.tgz#f42fd8155d38f21a5b8ea07c28e063ed1700b138"
  
  async@^1.4.2:
    version "1.5.2"
    resolved "https://registry.yarnpkg.com/async/-/async-1.5.2.tgz#ec6a61ae56480c0c3cb241c95618e20892f9672a"
  
  balanced-match@^1.0.0:
    version "1.0.0"
    resolved "https://registry.yarnpkg.com/balanced-match/-/balanced-match-1.0.0.tgz#89b4d199ab2bee49de164ea02b89ce462d71b767"
  
  base-methods@^0.2.14:
    version "0.2.14"
    resolved "https://registry.yarnpkg.com/base-methods/-/base-methods-0.2.14.tgz#71b5394013b3a14f98d7f89d7ba3144d2257b9f3"
    dependencies:
      class-utils "^0.2.1"
      collection-visit "^0.2.1"
      component-emitter "^1.2.0"
      define-property "^0.2.5"
      get-value "^1.2.1"
      lazy-cache "^0.2.3"
      set-value "^0.2.0"
      unset-value "^0.1.0"
  
  brace-expansion@^1.1.7:
    version "1.1.8"
    resolved "https://registry.yarnpkg.com/brace-expansion/-/brace-expansion-1.1.8.tgz#c07b211c7c952ec1f8efd51a77ef0d1d3990a292"
    dependencies:
      balanced-match "^1.0.0"
      concat-map "0.0.1"
  
  braces@^1.8.2:
    version "1.8.5"
    resolved "https://registry.yarnpkg.com/braces/-/braces-1.8.5.tgz#ba77962e12dff969d6b76711e914b737857bf6a7"
    dependencies:
      expand-range "^1.8.1"
      preserve "^0.2.0"
      repeat-element "^1.1.2"
  
  chalk@^1.0.0, chalk@^1.1.1:
    version "1.1.3"
    resolved "https://registry.yarnpkg.com/chalk/-/chalk-1.1.3.tgz#a8115c55e4a702fe4d150abd3872822a7e09fc98"
    dependencies:
      ansi-styles "^2.2.1"
      escape-string-regexp "^1.0.2"
      has-ansi "^2.0.0"
      strip-ansi "^3.0.0"
      supports-color "^2.0.0"
  
  chalk@^2.1.0:
    version "2.1.0"
    resolved "https://registry.yarnpkg.com/chalk/-/chalk-2.1.0.tgz#ac5becf14fa21b99c6c92ca7a7d7cfd5b17e743e"
    dependencies:
      ansi-styles "^3.1.0"
      escape-string-regexp "^1.0.5"
      supports-color "^4.0.0"
  
  class-utils@^0.2.1:
    version "0.2.3"
    resolved "https://registry.yarnpkg.com/class-utils/-/class-utils-0.2.3.tgz#0799c47d8f6b35b39f338d56d8323b889699be95"
    dependencies:
      define-property "^0.2.5"
      isobject "^2.0.0"
      lazy-cache "^0.2.4"
  
  cli-cursor@^1.0.1, cli-cursor@^1.0.2:
    version "1.0.2"
    resolved "https://registry.yarnpkg.com/cli-cursor/-/cli-cursor-1.0.2.tgz#64da3f7d56a54412e59794bd62dc35295e8f2987"
    dependencies:
      restore-cursor "^1.0.1"
  
  cli-width@^1.0.1, cli-width@^1.1.0:
    version "1.1.1"
    resolved "https://registry.yarnpkg.com/cli-width/-/cli-width-1.1.1.tgz#a4d293ef67ebb7b88d4a4d42c0ccf00c4d1e366d"
  
  clone-deep@^0.2.2:
    version "0.2.4"
    resolved "https://registry.yarnpkg.com/clone-deep/-/clone-deep-0.2.4.tgz#4e73dd09e9fb971cc38670c5dced9c1896481cc6"
    dependencies:
      for-own "^0.1.3"
      is-plain-object "^2.0.1"
      kind-of "^3.0.2"
      lazy-cache "^1.0.3"
      shallow-clone "^0.1.2"
  
  code-point-at@^1.0.0:
    version "1.1.0"
    resolved "https://registry.yarnpkg.com/code-point-at/-/code-point-at-1.1.0.tgz#0d070b4d043a5bea33a2f1a40e2edb3d9a4ccf77"
  
  collection-visit@^0.2.1:
    version "0.2.3"
    resolved "https://registry.yarnpkg.com/collection-visit/-/collection-visit-0.2.3.tgz#2f62483caecc95f083b9a454a3ee9e6139ad7957"
    dependencies:
      lazy-cache "^2.0.1"
      map-visit "^0.1.5"
      object-visit "^0.3.4"
  
  color-convert@^1.9.0:
    version "1.9.0"
    resolved "https://registry.yarnpkg.com/color-convert/-/color-convert-1.9.0.tgz#1accf97dd739b983bf994d56fec8f95853641b7a"
    dependencies:
      color-name "^1.1.1"
  
  color-name@^1.1.1:
    version "1.1.3"
    resolved "https://registry.yarnpkg.com/color-name/-/color-name-1.1.3.tgz#a7d0558bd89c42f795dd42328f740831ca53bc25"
  
  component-emitter@^1.2.0:
    version "1.2.1"
    resolved "https://registry.yarnpkg.com/component-emitter/-/component-emitter-1.2.1.tgz#137918d6d78283f7df7a6b7c5a63e140e69425e6"
  
  concat-map@0.0.1:
    version "0.0.1"
    resolved "https://registry.yarnpkg.com/concat-map/-/concat-map-0.0.1.tgz#d8a96bd77fd68df7793a73036a3ba0d5405d477b"
  
  concat-stream@^1.5.0:
    version "1.6.0"
    resolved "https://registry.yarnpkg.com/concat-stream/-/concat-stream-1.6.0.tgz#0aac662fd52be78964d5532f694784e70110acf7"
    dependencies:
      inherits "^2.0.3"
      readable-stream "^2.2.2"
      typedarray "^0.0.6"
  
  core-util-is@~1.0.0:
    version "1.0.2"
    resolved "https://registry.yarnpkg.com/core-util-is/-/core-util-is-1.0.2.tgz#b5fd54220aa2bc5ab57aab7140c940754503c1a7"
  
  cwd@^0.7.0:
    version "0.7.0"
    resolved "https://registry.yarnpkg.com/cwd/-/cwd-0.7.0.tgz#d813b6719d6e7d78e0645d2774f02b62c24d66a4"
    dependencies:
      look-up "^0.7.1"
  
  cwd@^0.8.0:
    version "0.8.4"
    resolved "https://registry.yarnpkg.com/cwd/-/cwd-0.8.4.tgz#b79eb54a78f2d75ac600fbe00fd8d1c7e9e3dbf5"
    dependencies:
      lazy-cache "^0.2.3"
      look-up "^0.8.1"
  
  data-store@^0.10.0:
    version "0.10.1"
    resolved "https://registry.yarnpkg.com/data-store/-/data-store-0.10.1.tgz#7d2d8fa223905d6b4be202e518f929b58c4c163b"
    dependencies:
      base-methods "^0.2.14"
      graceful-fs "^4.1.2"
      has-own-deep "^0.1.4"
      has-value "^0.2.0"
      kind-of "^2.0.1"
      lazy-cache "^0.2.3"
      mkdirp "^0.5.1"
      resolve-dir "^0.1.0"
      rimraf "^2.4.3"
      union-value "^0.1.1"
  
  define-property@^0.2.5:
    version "0.2.5"
    resolved "https://registry.yarnpkg.com/define-property/-/define-property-0.2.5.tgz#c35b1ef918ec3c990f9a5bc57be04aacec5c8116"
    dependencies:
      is-descriptor "^0.1.0"
  
  delegate-properties@^0.3.0:
    version "0.3.0"
    resolved "https://registry.yarnpkg.com/delegate-properties/-/delegate-properties-0.3.0.tgz#5c96c3ec37803d0c70b7633eccbfbc1b6352ec1c"
    dependencies:
      clone-deep "^0.2.2"
      define-property "^0.2.5"
  
  escape-string-regexp@^1.0.2, escape-string-regexp@^1.0.5:
    version "1.0.5"
    resolved "https://registry.yarnpkg.com/escape-string-regexp/-/escape-string-regexp-1.0.5.tgz#1b61c0562190a8dff6ae3bb2cf0200ca130b86d4"
  
  exit-hook@^1.0.0:
    version "1.1.1"
    resolved "https://registry.yarnpkg.com/exit-hook/-/exit-hook-1.1.1.tgz#f05ca233b48c05d54fff07765df8507e95c02ff8"
  
  expand-brackets@^0.1.4:
    version "0.1.5"
    resolved "https://registry.yarnpkg.com/expand-brackets/-/expand-brackets-0.1.5.tgz#df07284e342a807cd733ac5af72411e581d1177b"
    dependencies:
      is-posix-bracket "^0.1.0"
  
  expand-range@^1.8.1:
    version "1.8.2"
    resolved "https://registry.yarnpkg.com/expand-range/-/expand-range-1.8.2.tgz#a299effd335fe2721ebae8e257ec79644fc85337"
    dependencies:
      fill-range "^2.1.0"
  
  expand-tilde@^1.2.0, expand-tilde@^1.2.2:
    version "1.2.2"
    resolved "https://registry.yarnpkg.com/expand-tilde/-/expand-tilde-1.2.2.tgz#0b81eba897e5a3d31d1c3d102f8f01441e559449"
    dependencies:
      os-homedir "^1.0.1"
  
  extend-shallow@^2.0.1:
    version "2.0.1"
    resolved "https://registry.yarnpkg.com/extend-shallow/-/extend-shallow-2.0.1.tgz#51af7d614ad9a9f610ea1bafbb989d6b1c56890f"
    dependencies:
      is-extendable "^0.1.0"
  
  extglob@^0.3.1:
    version "0.3.2"
    resolved "https://registry.yarnpkg.com/extglob/-/extglob-0.3.2.tgz#2e18ff3d2f49ab2765cec9023f011daa8d8349a1"
    dependencies:
      is-extglob "^1.0.0"
  
  figures@^1.3.5, figures@^1.4.0:
    version "1.7.0"
    resolved "https://registry.yarnpkg.com/figures/-/figures-1.7.0.tgz#cbe1e3affcf1cd44b80cadfed28dc793a9701d2e"
    dependencies:
      escape-string-regexp "^1.0.5"
      object-assign "^4.1.0"
  
  filename-regex@^2.0.0:
    version "2.0.1"
    resolved "https://registry.yarnpkg.com/filename-regex/-/filename-regex-2.0.1.tgz#c1c4b9bee3e09725ddb106b75c1e301fe2f18b26"
  
  fill-range@^2.1.0:
    version "2.2.3"
    resolved "https://registry.yarnpkg.com/fill-range/-/fill-range-2.2.3.tgz#50b77dfd7e469bc7492470963699fe7a8485a723"
    dependencies:
      is-number "^2.1.0"
      isobject "^2.0.0"
      randomatic "^1.1.3"
      repeat-element "^1.1.2"
      repeat-string "^1.5.2"
  
  for-in@^0.1.3:
    version "0.1.8"
    resolved "https://registry.yarnpkg.com/for-in/-/for-in-0.1.8.tgz#d8773908e31256109952b1fdb9b3fa867d2775e1"
  
  for-in@^1.0.1, for-in@^1.0.2:
    version "1.0.2"
    resolved "https://registry.yarnpkg.com/for-in/-/for-in-1.0.2.tgz#81068d295a8142ec0ac726c6e2200c30fb6d5e80"
  
  for-own@^0.1.3, for-own@^0.1.4:
    version "0.1.5"
    resolved "https://registry.yarnpkg.com/for-own/-/for-own-0.1.5.tgz#5265c681a4f294dabbf17c9509b6763aa84510ce"
    dependencies:
      for-in "^1.0.1"
  
  fs.realpath@^1.0.0:
    version "1.0.0"
    resolved "https://registry.yarnpkg.com/fs.realpath/-/fs.realpath-1.0.0.tgz#1504ad2523158caa40db4a2787cb01411994ea4f"
  
  get-value@^1.1.5, get-value@^1.2.1:
    version "1.3.1"
    resolved "https://registry.yarnpkg.com/get-value/-/get-value-1.3.1.tgz#8ac7ef4f20382392b2646548f9b9ad2dc6c89642"
    dependencies:
      arr-flatten "^1.0.1"
      is-extendable "^0.1.1"
      lazy-cache "^0.2.4"
      noncharacters "^1.1.0"
  
  get-value@^2.0.0, get-value@^2.0.2, get-value@^2.0.3:
    version "2.0.6"
    resolved "https://registry.yarnpkg.com/get-value/-/get-value-2.0.6.tgz#dc15ca1c672387ca76bd37ac0a395ba2042a2c28"
  
  git-username@^0.4.0:
    version "0.4.0"
    resolved "https://registry.yarnpkg.com/git-username/-/git-username-0.4.0.tgz#80686e89c0d862a680ed3ad3e889fd84c301788a"
    dependencies:
      chalk "^1.0.0"
      remote-origin-url "^0.4.0"
  
  github-base@^0.3.2:
    version "0.3.2"
    resolved "https://registry.yarnpkg.com/github-base/-/github-base-0.3.2.tgz#797e0dd480ea83eaee10e3415bad8bc9b50f632a"
    dependencies:
      concat-stream "^1.5.0"
      delegate-properties "^0.3.0"
      extend-shallow "^2.0.1"
      mixin-deep "^1.1.3"
      object.omit "^2.0.0"
      parse-link-header "^0.4.1"
      simple-get "^1.4.3"
  
  github-base@^0.4.0:
    version "0.4.1"
    resolved "https://registry.yarnpkg.com/github-base/-/github-base-0.4.1.tgz#33287261a8c749e08b63d0f1324c2cac8e788e1e"
    dependencies:
      concat-stream "^1.5.0"
      delegate-properties "^0.3.0"
      extend-shallow "^2.0.1"
      mixin-deep "^1.1.3"
      object.omit "^2.0.0"
      parse-link-header "^0.4.1"
      simple-get "^1.4.3"
  
  github-contributors@^0.2.0:
    version "0.2.1"
    resolved "https://registry.yarnpkg.com/github-contributors/-/github-contributors-0.2.1.tgz#31b4e42018b2d8065297a0c0a8c2c27427c64538"
    dependencies:
      github-base "^0.4.0"
      markdown-utils "^0.7.1"
      right-pad-values "^0.3.1"
  
  glob-base@^0.3.0:
    version "0.3.0"
    resolved "https://registry.yarnpkg.com/glob-base/-/glob-base-0.3.0.tgz#dbb164f6221b1c0b1ccf82aea328b497df0ea3c4"
    dependencies:
      glob-parent "^2.0.0"
      is-glob "^2.0.0"
  
  glob-parent@^2.0.0:
    version "2.0.0"
    resolved "https://registry.yarnpkg.com/glob-parent/-/glob-parent-2.0.0.tgz#81383d72db054fcccf5336daa902f182f6edbb28"
    dependencies:
      is-glob "^2.0.0"
  
  glob@^7.0.5:
    version "7.1.2"
    resolved "https://registry.yarnpkg.com/glob/-/glob-7.1.2.tgz#c19c9df9a028702d678612384a6552404c636d15"
    dependencies:
      fs.realpath "^1.0.0"
      inflight "^1.0.4"
      inherits "2"
      minimatch "^3.0.4"
      once "^1.3.0"
      path-is-absolute "^1.0.0"
  
  global-modules@^0.2.3:
    version "0.2.3"
    resolved "https://registry.yarnpkg.com/global-modules/-/global-modules-0.2.3.tgz#ea5a3bed42c6d6ce995a4f8a1269b5dae223828d"
    dependencies:
      global-prefix "^0.1.4"
      is-windows "^0.2.0"
  
  global-prefix@^0.1.4:
    version "0.1.5"
    resolved "https://registry.yarnpkg.com/global-prefix/-/global-prefix-0.1.5.tgz#8d3bc6b8da3ca8112a160d8d496ff0462bfef78f"
    dependencies:
      homedir-polyfill "^1.0.0"
      ini "^1.3.4"
      is-windows "^0.2.0"
      which "^1.2.12"
  
  gpg@^0.6.0:
    version "0.6.0"
    resolved "https://registry.yarnpkg.com/gpg/-/gpg-0.6.0.tgz#5de7bead2c0073665742927a473cd4677e3b54a0"
  
  graceful-fs@^4.1.2:
    version "4.1.11"
    resolved "https://registry.yarnpkg.com/graceful-fs/-/graceful-fs-4.1.11.tgz#0e8bdfe4d1ddb8854d64e04ea7c00e2a026e5658"
  
  has-ansi@^2.0.0:
    version "2.0.0"
    resolved "https://registry.yarnpkg.com/has-ansi/-/has-ansi-2.0.0.tgz#34f5049ce1ecdf2b0649af3ef24e45ed35416d91"
    dependencies:
      ansi-regex "^2.0.0"
  
  has-flag@^2.0.0:
    version "2.0.0"
    resolved "https://registry.yarnpkg.com/has-flag/-/has-flag-2.0.0.tgz#e8207af1cc7b30d446cc70b734b5e8be18f88d51"
  
  has-generators@^1.0.1:
    version "1.0.1"
    resolved "https://registry.yarnpkg.com/has-generators/-/has-generators-1.0.1.tgz#a6a2e55486011940482e13e2c93791c449acf449"
  
  has-own-deep@^0.1.4:
    version "0.1.4"
    resolved "https://registry.yarnpkg.com/has-own-deep/-/has-own-deep-0.1.4.tgz#91eb0cda278083158f8042a28316434e9afe7876"
  
  has-value@^0.2.0:
    version "0.2.1"
    resolved "https://registry.yarnpkg.com/has-value/-/has-value-0.2.1.tgz#dbb14da140d429a8bcd4f089bc190f7db30bef70"
    dependencies:
      get-value "^2.0.0"
      has-values "^0.1.3"
  
  has-value@^0.3.0, has-value@^0.3.1:
    version "0.3.1"
    resolved "https://registry.yarnpkg.com/has-value/-/has-value-0.3.1.tgz#7b1f58bada62ca827ec0a2078025654845995e1f"
    dependencies:
      get-value "^2.0.3"
      has-values "^0.1.4"
      isobject "^2.0.0"
  
  has-values@^0.1.3, has-values@^0.1.4:
    version "0.1.4"
    resolved "https://registry.yarnpkg.com/has-values/-/has-values-0.1.4.tgz#6d61de95d91dfca9b9a02089ad384bff8f62b771"
  
  homedir-polyfill@^1.0.0:
    version "1.0.1"
    resolved "https://registry.yarnpkg.com/homedir-polyfill/-/homedir-polyfill-1.0.1.tgz#4c2bbc8a758998feebf5ed68580f76d46768b4bc"
    dependencies:
      parse-passwd "^1.0.0"
  
  inflight@^1.0.4:
    version "1.0.6"
    resolved "https://registry.yarnpkg.com/inflight/-/inflight-1.0.6.tgz#49bd6331d7d02d0c09bc910a1075ba8165b56df9"
    dependencies:
      once "^1.3.0"
      wrappy "1"
  
  inherits@2, inherits@^2.0.3, inherits@~2.0.3:
    version "2.0.3"
    resolved "https://registry.yarnpkg.com/inherits/-/inherits-2.0.3.tgz#633c2c83e3da42a502f52466022480f4208261de"
  
  ini@^1.3.3, ini@^1.3.4:
    version "1.3.4"
    resolved "https://registry.yarnpkg.com/ini/-/ini-1.3.4.tgz#0537cb79daf59b59a1a517dff706c86ec039162e"
  
  "inquirer2@github:jonschlinkert/inquirer2":
    version "0.1.1"
    resolved "https://codeload.github.com/jonschlinkert/inquirer2/tar.gz/9b4985f5bf7c8590bb79e039de1acab5719ae3fc"
    dependencies:
      ansi-escapes "^1.1.1"
      ansi-regex "^2.0.0"
      arr-flatten "^1.0.1"
      arr-pluck "^0.1.0"
      array-unique "^0.2.1"
      chalk "^1.1.1"
      cli-cursor "^1.0.2"
      cli-width "^1.1.0"
      extend-shallow "^2.0.1"
      figures "^1.4.0"
      is-number "^2.1.0"
      is-plain-object "^2.0.1"
      lazy-cache "^1.0.3"
      lodash.where "^3.1.0"
      readline2 "^1.0.1"
      run-async "^0.1.0"
      rx-lite "^4.0.7"
      strip-color "^0.1.0"
      through2 "^2.0.0"
  
  inquirer@^0.10.1:
    version "0.10.1"
    resolved "https://registry.yarnpkg.com/inquirer/-/inquirer-0.10.1.tgz#ea25e4ce69ca145e05c99e46dcfec05e4012594a"
    dependencies:
      ansi-escapes "^1.1.0"
      ansi-regex "^2.0.0"
      chalk "^1.0.0"
      cli-cursor "^1.0.1"
      cli-width "^1.0.1"
      figures "^1.3.5"
      lodash "^3.3.1"
      readline2 "^1.0.1"
      run-async "^0.1.0"
      rx-lite "^3.1.2"
      strip-ansi "^3.0.0"
      through "^2.3.6"
  
  is-accessor-descriptor@^0.1.6:
    version "0.1.6"
    resolved "https://registry.yarnpkg.com/is-accessor-descriptor/-/is-accessor-descriptor-0.1.6.tgz#a9e12cb3ae8d876727eeef3843f8a0897b5c98d6"
    dependencies:
      kind-of "^3.0.2"
  
  is-arguments@^1.0.2:
    version "1.0.2"
    resolved "https://registry.yarnpkg.com/is-arguments/-/is-arguments-1.0.2.tgz#07e30ad79531844179b642d2d8399435182c8727"
  
  is-buffer@^1.0.2, is-buffer@^1.1.5:
    version "1.1.5"
    resolved "https://registry.yarnpkg.com/is-buffer/-/is-buffer-1.1.5.tgz#1f3b26ef613b214b88cbca23cc6c01d87961eecc"
  
  is-data-descriptor@^0.1.4:
    version "0.1.4"
    resolved "https://registry.yarnpkg.com/is-data-descriptor/-/is-data-descriptor-0.1.4.tgz#0b5ee648388e2c860282e793f1856fec3f301b56"
    dependencies:
      kind-of "^3.0.2"
  
  is-descriptor@^0.1.0:
    version "0.1.6"
    resolved "https://registry.yarnpkg.com/is-descriptor/-/is-descriptor-0.1.6.tgz#366d8240dde487ca51823b1ab9f07a10a78251ca"
    dependencies:
      is-accessor-descriptor "^0.1.6"
      is-data-descriptor "^0.1.4"
      kind-of "^5.0.0"
  
  is-dotfile@^1.0.0:
    version "1.0.3"
    resolved "https://registry.yarnpkg.com/is-dotfile/-/is-dotfile-1.0.3.tgz#a6a2f32ffd2dfb04f5ca25ecd0f6b83cf798a1e1"
  
  is-equal-shallow@^0.1.3:
    version "0.1.3"
    resolved "https://registry.yarnpkg.com/is-equal-shallow/-/is-equal-shallow-0.1.3.tgz#2238098fc221de0bcfa5d9eac4c45d638aa1c534"
    dependencies:
      is-primitive "^2.0.0"
  
  is-extendable@^0.1.0, is-extendable@^0.1.1:
    version "0.1.1"
    resolved "https://registry.yarnpkg.com/is-extendable/-/is-extendable-0.1.1.tgz#62b110e289a471418e3ec36a617d472e301dfc89"
  
  is-extglob@^1.0.0:
    version "1.0.0"
    resolved "https://registry.yarnpkg.com/is-extglob/-/is-extglob-1.0.0.tgz#ac468177c4943405a092fc8f29760c6ffc6206c0"
  
  is-fullwidth-code-point@^1.0.0:
    version "1.0.0"
    resolved "https://registry.yarnpkg.com/is-fullwidth-code-point/-/is-fullwidth-code-point-1.0.0.tgz#ef9e31386f031a7f0d643af82fde50c457ef00cb"
    dependencies:
      number-is-nan "^1.0.0"
  
  is-glob@^2.0.0, is-glob@^2.0.1:
    version "2.0.1"
    resolved "https://registry.yarnpkg.com/is-glob/-/is-glob-2.0.1.tgz#d096f926a3ded5600f3fdfd91198cb0888c2d863"
    dependencies:
      is-extglob "^1.0.0"
  
  is-number@^2.1.0:
    version "2.1.0"
    resolved "https://registry.yarnpkg.com/is-number/-/is-number-2.1.0.tgz#01fcbbb393463a548f2f466cce16dece49db908f"
    dependencies:
      kind-of "^3.0.2"
  
  is-number@^3.0.0:
    version "3.0.0"
    resolved "https://registry.yarnpkg.com/is-number/-/is-number-3.0.0.tgz#24fd6201a4782cf50561c810276afc7d12d71195"
    dependencies:
      kind-of "^3.0.2"
  
  is-plain-object@^2.0.1:
    version "2.0.4"
    resolved "https://registry.yarnpkg.com/is-plain-object/-/is-plain-object-2.0.4.tgz#2c163b3fafb1b606d9d17928f05c2a1c38e07677"
    dependencies:
      isobject "^3.0.1"
  
  is-posix-bracket@^0.1.0:
    version "0.1.1"
    resolved "https://registry.yarnpkg.com/is-posix-bracket/-/is-posix-bracket-0.1.1.tgz#3334dc79774368e92f016e6fbc0a88f5cd6e6bc4"
  
  is-primitive@^2.0.0:
    version "2.0.0"
    resolved "https://registry.yarnpkg.com/is-primitive/-/is-primitive-2.0.0.tgz#207bab91638499c07b2adf240a41a87210034575"
  
  is-windows@^0.2.0:
    version "0.2.0"
    resolved "https://registry.yarnpkg.com/is-windows/-/is-windows-0.2.0.tgz#de1aa6d63ea29dd248737b69f1ff8b8002d2108c"
  
  isarray@1.0.0, isarray@~1.0.0:
    version "1.0.0"
    resolved "https://registry.yarnpkg.com/isarray/-/isarray-1.0.0.tgz#bb935d48582cba168c06834957a54a3e07124f11"
  
  isexe@^2.0.0:
    version "2.0.0"
    resolved "https://registry.yarnpkg.com/isexe/-/isexe-2.0.0.tgz#e8fbf374dc556ff8947a10dcb0572d633f2cfa10"
  
  isobject@^1.0.0:
    version "1.0.2"
    resolved "https://registry.yarnpkg.com/isobject/-/isobject-1.0.2.tgz#f0f9b8ce92dd540fa0740882e3835a2e022ec78a"
  
  isobject@^2.0.0:
    version "2.1.0"
    resolved "https://registry.yarnpkg.com/isobject/-/isobject-2.1.0.tgz#f065561096a3f1da2ef46272f815c840d87e0c89"
    dependencies:
      isarray "1.0.0"
  
  isobject@^3.0.0, isobject@^3.0.1:
    version "3.0.1"
    resolved "https://registry.yarnpkg.com/isobject/-/isobject-3.0.1.tgz#4e431e92b11a9731636aa1f9c8d1ccbcfdab78df"
  
  kind-of@^2.0.1:
    version "2.0.1"
    resolved "https://registry.yarnpkg.com/kind-of/-/kind-of-2.0.1.tgz#018ec7a4ce7e3a86cb9141be519d24c8faa981b5"
    dependencies:
      is-buffer "^1.0.2"
  
  kind-of@^3.0.2, kind-of@^3.1.0:
    version "3.2.2"
    resolved "https://registry.yarnpkg.com/kind-of/-/kind-of-3.2.2.tgz#31ea21a734bab9bbb0f32466d893aea51e4a3c64"
    dependencies:
      is-buffer "^1.1.5"
  
  kind-of@^4.0.0:
    version "4.0.0"
    resolved "https://registry.yarnpkg.com/kind-of/-/kind-of-4.0.0.tgz#20813df3d712928b207378691a45066fae72dd57"
    dependencies:
      is-buffer "^1.1.5"
  
  kind-of@^5.0.0:
    version "5.0.2"
    resolved "https://registry.yarnpkg.com/kind-of/-/kind-of-5.0.2.tgz#f57bec933d9a2209ffa96c5c08343607b7035fda"
  
  lazy-cache@^0.2.3, lazy-cache@^0.2.4:
    version "0.2.7"
    resolved "https://registry.yarnpkg.com/lazy-cache/-/lazy-cache-0.2.7.tgz#7feddf2dcb6edb77d11ef1d117ab5ffdf0ab1b65"
  
  lazy-cache@^1.0.3:
    version "1.0.4"
    resolved "https://registry.yarnpkg.com/lazy-cache/-/lazy-cache-1.0.4.tgz#a1d78fc3a50474cb80845d3b3b6e1da49a446e8e"
  
  lazy-cache@^2.0.1:
    version "2.0.2"
    resolved "https://registry.yarnpkg.com/lazy-cache/-/lazy-cache-2.0.2.tgz#b9190a4f913354694840859f8a8f7084d8822264"
    dependencies:
      set-getter "^0.1.0"
  
  list-item@^1.1.1:
    version "1.1.1"
    resolved "https://registry.yarnpkg.com/list-item/-/list-item-1.1.1.tgz#0c65d00e287cb663ccb3cb3849a77e89ec268a56"
    dependencies:
      expand-range "^1.8.1"
      extend-shallow "^2.0.1"
      is-number "^2.1.0"
      repeat-string "^1.5.2"
  
  load-pkg@^1.3.0:
    version "1.3.0"
    resolved "https://registry.yarnpkg.com/load-pkg/-/load-pkg-1.3.0.tgz#756dcfb4589b9167134ed9be70c23d28ad52853f"
    dependencies:
      cwd "^0.7.0"
  
  lodash._arrayfilter@^3.0.0:
    version "3.0.0"
    resolved "https://registry.yarnpkg.com/lodash._arrayfilter/-/lodash._arrayfilter-3.0.0.tgz#2debe11eec69e5dcc6f4b86137128a48f1524237"
  
  lodash._basecallback@^3.0.0:
    version "3.3.1"
    resolved "https://registry.yarnpkg.com/lodash._basecallback/-/lodash._basecallback-3.3.1.tgz#b7b2bb43dc2160424a21ccf26c57e443772a8e27"
    dependencies:
      lodash._baseisequal "^3.0.0"
      lodash._bindcallback "^3.0.0"
      lodash.isarray "^3.0.0"
      lodash.pairs "^3.0.0"
  
  lodash._baseeach@^3.0.0:
    version "3.0.4"
    resolved "https://registry.yarnpkg.com/lodash._baseeach/-/lodash._baseeach-3.0.4.tgz#cf8706572ca144e8d9d75227c990da982f932af3"
    dependencies:
      lodash.keys "^3.0.0"
  
  lodash._basefilter@^3.0.0:
    version "3.0.0"
    resolved "https://registry.yarnpkg.com/lodash._basefilter/-/lodash._basefilter-3.0.0.tgz#4b76403df0e286d03d5e0f7295ed3441e101d121"
    dependencies:
      lodash._baseeach "^3.0.0"
  
  lodash._baseisequal@^3.0.0:
    version "3.0.7"
    resolved "https://registry.yarnpkg.com/lodash._baseisequal/-/lodash._baseisequal-3.0.7.tgz#d8025f76339d29342767dcc887ce5cb95a5b51f1"
    dependencies:
      lodash.isarray "^3.0.0"
      lodash.istypedarray "^3.0.0"
      lodash.keys "^3.0.0"
  
  lodash._baseismatch@^3.0.0:
    version "3.1.3"
    resolved "https://registry.yarnpkg.com/lodash._baseismatch/-/lodash._baseismatch-3.1.3.tgz#0728fc48efa11699d3d5f2d73049f2ab13c40fd5"
    dependencies:
      lodash._baseisequal "^3.0.0"
  
  lodash._basematches@^3.0.0:
    version "3.2.0"
    resolved "https://registry.yarnpkg.com/lodash._basematches/-/lodash._basematches-3.2.0.tgz#f47e03f07ec20784ab0968d0cb6cb597e2101158"
    dependencies:
      lodash._baseismatch "^3.0.0"
      lodash.pairs "^3.0.0"
  
  lodash._bindcallback@^3.0.0:
    version "3.0.1"
    resolved "https://registry.yarnpkg.com/lodash._bindcallback/-/lodash._bindcallback-3.0.1.tgz#e531c27644cf8b57a99e17ed95b35c748789392e"
  
  lodash._getnative@^3.0.0:
    version "3.9.1"
    resolved "https://registry.yarnpkg.com/lodash._getnative/-/lodash._getnative-3.9.1.tgz#570bc7dede46d61cdcde687d65d3eecbaa3aaff5"
  
  lodash.isarguments@^3.0.0:
    version "3.1.0"
    resolved "https://registry.yarnpkg.com/lodash.isarguments/-/lodash.isarguments-3.1.0.tgz#2f573d85c6a24289ff00663b491c1d338ff3458a"
  
  lodash.isarray@^3.0.0:
    version "3.0.4"
    resolved "https://registry.yarnpkg.com/lodash.isarray/-/lodash.isarray-3.0.4.tgz#79e4eb88c36a8122af86f844aa9bcd851b5fbb55"
  
  lodash.istypedarray@^3.0.0:
    version "3.0.6"
    resolved "https://registry.yarnpkg.com/lodash.istypedarray/-/lodash.istypedarray-3.0.6.tgz#c9a477498607501d8e8494d283b87c39281cef62"
  
  lodash.keys@^3.0.0:
    version "3.1.2"
    resolved "https://registry.yarnpkg.com/lodash.keys/-/lodash.keys-3.1.2.tgz#4dbc0472b156be50a0b286855d1bd0b0c656098a"
    dependencies:
      lodash._getnative "^3.0.0"
      lodash.isarguments "^3.0.0"
      lodash.isarray "^3.0.0"
  
  lodash.pairs@^3.0.0:
    version "3.0.1"
    resolved "https://registry.yarnpkg.com/lodash.pairs/-/lodash.pairs-3.0.1.tgz#bbe08d5786eeeaa09a15c91ebf0dcb7d2be326a9"
    dependencies:
      lodash.keys "^3.0.0"
  
  lodash.where@^3.1.0:
    version "3.1.0"
    resolved "https://registry.yarnpkg.com/lodash.where/-/lodash.where-3.1.0.tgz#2e784b9c93368d5d75aaee332ce176022f2b9553"
    dependencies:
      lodash._arrayfilter "^3.0.0"
      lodash._basecallback "^3.0.0"
      lodash._basefilter "^3.0.0"
      lodash._basematches "^3.0.0"
      lodash.isarray "^3.0.0"
  
  lodash@^3.3.1:
    version "3.10.1"
    resolved "https://registry.yarnpkg.com/lodash/-/lodash-3.10.1.tgz#5bf45e8e49ba4189e17d482789dfd15bd140b7b6"
  
  longest-value@^0.2.0:
    version "0.2.0"
    resolved "https://registry.yarnpkg.com/longest-value/-/longest-value-0.2.0.tgz#b77832b0ea5fa5a2c4a1bea9e08d7d15be697b5b"
    dependencies:
      longest "^1.0.0"
  
  longest@^1.0.0:
    version "1.0.1"
    resolved "https://registry.yarnpkg.com/longest/-/longest-1.0.1.tgz#30a0b2da38f73770e8294a0d22e6625ed77d0097"
  
  look-up@^0.7.1:
    version "0.7.2"
    resolved "https://registry.yarnpkg.com/look-up/-/look-up-0.7.2.tgz#d6242e85eb1cbd8a10f6ed0faf75cc51f4930f86"
    dependencies:
      expand-tilde "^1.2.0"
      is-glob "^2.0.0"
      micromatch "^2.2.0"
  
  look-up@^0.8.1:
    version "0.8.3"
    resolved "https://registry.yarnpkg.com/look-up/-/look-up-0.8.3.tgz#04238dd4066f0cb6905967f4727c069a758de8d7"
    dependencies:
      is-glob "^2.0.1"
      lazy-cache "^1.0.3"
      micromatch "^2.3.7"
      normalize-path "^2.0.1"
      resolve-dir "^0.1.0"
  
  make-iterator@^1.0.0:
    version "1.0.0"
    resolved "https://registry.yarnpkg.com/make-iterator/-/make-iterator-1.0.0.tgz#57bef5dc85d23923ba23767324d8e8f8f3d9694b"
    dependencies:
      kind-of "^3.1.0"
  
  map-config@^0.1.1:
    version "0.1.1"
    resolved "https://registry.yarnpkg.com/map-config/-/map-config-0.1.1.tgz#4a72f10f1dab10a60a056f2cafe9beed3f06f528"
    dependencies:
      for-own "^0.1.3"
  
  map-visit@^0.1.5:
    version "0.1.5"
    resolved "https://registry.yarnpkg.com/map-visit/-/map-visit-0.1.5.tgz#dbe43927ce5525b80dfc1573a44d68c51f26816b"
    dependencies:
      lazy-cache "^2.0.1"
      object-visit "^0.3.4"
  
  markdown-utils@^0.7.1:
    version "0.7.3"
    resolved "https://registry.yarnpkg.com/markdown-utils/-/markdown-utils-0.7.3.tgz#4c583a31e251d69b313aceb3802a4f5d1b0f1e76"
    dependencies:
      array-slice "^0.2.3"
      is-number "^2.1.0"
      list-item "^1.1.1"
      to-gfm-code-block "^0.1.1"
  
  micromatch@^2.2.0, micromatch@^2.3.7:
    version "2.3.11"
    resolved "https://registry.yarnpkg.com/micromatch/-/micromatch-2.3.11.tgz#86677c97d1720b363431d04d0d15293bd38c1565"
    dependencies:
      arr-diff "^2.0.0"
      array-unique "^0.2.1"
      braces "^1.8.2"
      expand-brackets "^0.1.4"
      extglob "^0.3.1"
      filename-regex "^2.0.0"
      is-extglob "^1.0.0"
      is-glob "^2.0.1"
      kind-of "^3.0.2"
      normalize-path "^2.0.1"
      object.omit "^2.0.0"
      parse-glob "^3.0.4"
      regex-cache "^0.4.2"
  
  minimatch@^3.0.4:
    version "3.0.4"
    resolved "https://registry.yarnpkg.com/minimatch/-/minimatch-3.0.4.tgz#5166e286457f03306064be5497e8dbb0c3d32083"
    dependencies:
      brace-expansion "^1.1.7"
  
  minimist@0.0.8:
    version "0.0.8"
    resolved "https://registry.yarnpkg.com/minimist/-/minimist-0.0.8.tgz#857fcabfc3397d2625b8228262e86aa7a011b05d"
  
  minimist@^1.2.0:
    version "1.2.0"
    resolved "https://registry.yarnpkg.com/minimist/-/minimist-1.2.0.tgz#a35008b20f41383eec1fb914f4cd5df79a264284"
  
  mixin-deep@^1.1.3:
    version "1.2.0"
    resolved "https://registry.yarnpkg.com/mixin-deep/-/mixin-deep-1.2.0.tgz#d02b8c6f8b6d4b8f5982d3fd009c4919851c3fe2"
    dependencies:
      for-in "^1.0.2"
      is-extendable "^0.1.1"
  
  mixin-object@^2.0.1:
    version "2.0.1"
    resolved "https://registry.yarnpkg.com/mixin-object/-/mixin-object-2.0.1.tgz#4fb949441dab182540f1fe035ba60e1947a5e57e"
    dependencies:
      for-in "^0.1.3"
      is-extendable "^0.1.1"
  
  mkdirp@^0.5.1:
    version "0.5.1"
    resolved "https://registry.yarnpkg.com/mkdirp/-/mkdirp-0.5.1.tgz#30057438eac6cf7f8c4767f38648d6697d75c903"
    dependencies:
      minimist "0.0.8"
  
  mute-stream@0.0.5:
    version "0.0.5"
    resolved "https://registry.yarnpkg.com/mute-stream/-/mute-stream-0.0.5.tgz#8fbfabb0a98a253d3184331f9e8deb7372fac6c0"
  
  noncharacters@^1.1.0:
    version "1.1.0"
    resolved "https://registry.yarnpkg.com/noncharacters/-/noncharacters-1.1.0.tgz#af33df30fd50ed3c53cd202258f25ada90b540d2"
  
  normalize-path@^2.0.1:
    version "2.1.1"
    resolved "https://registry.yarnpkg.com/normalize-path/-/normalize-path-2.1.1.tgz#1ab28b556e198363a8c1a6f7e6fa20137fe6aed9"
    dependencies:
      remove-trailing-separator "^1.0.1"
  
  number-is-nan@^1.0.0:
    version "1.0.1"
    resolved "https://registry.yarnpkg.com/number-is-nan/-/number-is-nan-1.0.1.tgz#097b602b53422a522c1afb8790318336941a011d"
  
  object-assign@^4.1.0:
    version "4.1.1"
    resolved "https://registry.yarnpkg.com/object-assign/-/object-assign-4.1.1.tgz#2109adc7965887cfc05cbbd442cac8bfbb360863"
  
  object-visit@^0.3.4:
    version "0.3.4"
    resolved "https://registry.yarnpkg.com/object-visit/-/object-visit-0.3.4.tgz#ae15cf86f0b2fdd551771636448452c54c3da829"
    dependencies:
      isobject "^2.0.0"
  
  object.omit@^2.0.0:
    version "2.0.1"
    resolved "https://registry.yarnpkg.com/object.omit/-/object.omit-2.0.1.tgz#1a9c744829f39dbb858c76ca3579ae2a54ebd1fa"
    dependencies:
      for-own "^0.1.4"
      is-extendable "^0.1.1"
  
  once@^1.3.0, once@^1.3.1:
    version "1.4.0"
    resolved "https://registry.yarnpkg.com/once/-/once-1.4.0.tgz#583b1aa775961d4b113ac17d9c50baef9dd76bd1"
    dependencies:
      wrappy "1"
  
  onetime@^1.0.0:
    version "1.1.0"
    resolved "https://registry.yarnpkg.com/onetime/-/onetime-1.1.0.tgz#a1f7838f8314c516f05ecefcbc4ccfe04b4ed789"
  
  os-homedir@^1.0.1:
    version "1.0.2"
    resolved "https://registry.yarnpkg.com/os-homedir/-/os-homedir-1.0.2.tgz#ffbc4988336e0e833de0c168c7ef152121aa7fb3"
  
  pad-right@^0.2.2:
    version "0.2.2"
    resolved "https://registry.yarnpkg.com/pad-right/-/pad-right-0.2.2.tgz#6fbc924045d244f2a2a244503060d3bfc6009774"
    dependencies:
      repeat-string "^1.5.2"
  
  parse-git-config@^0.2.0:
    version "0.2.0"
    resolved "https://registry.yarnpkg.com/parse-git-config/-/parse-git-config-0.2.0.tgz#272833fdd15fea146fb75d336d236b963b6ff706"
    dependencies:
      ini "^1.3.3"
  
  parse-github-url@^0.2.0:
    version "0.2.1"
    resolved "https://registry.yarnpkg.com/parse-github-url/-/parse-github-url-0.2.1.tgz#e17335025e02c827a14198b614e73ab5b9904be8"
  
  parse-glob@^3.0.4:
    version "3.0.4"
    resolved "https://registry.yarnpkg.com/parse-glob/-/parse-glob-3.0.4.tgz#b2c376cfb11f35513badd173ef0bb6e3a388391c"
    dependencies:
      glob-base "^0.3.0"
      is-dotfile "^1.0.0"
      is-extglob "^1.0.0"
      is-glob "^2.0.0"
  
  parse-link-header@^0.4.1:
    version "0.4.1"
    resolved "https://registry.yarnpkg.com/parse-link-header/-/parse-link-header-0.4.1.tgz#f6bd615dc6713fd40935ce97945e4d3f522edf14"
    dependencies:
      xtend "~4.0.0"
  
  parse-passwd@^1.0.0:
    version "1.0.0"
    resolved "https://registry.yarnpkg.com/parse-passwd/-/parse-passwd-1.0.0.tgz#6d5b934a456993b23d37f40a382d6f1666a8e5c6"
  
  path-is-absolute@^1.0.0:
    version "1.0.1"
    resolved "https://registry.yarnpkg.com/path-is-absolute/-/path-is-absolute-1.0.1.tgz#174b9268735534ffbc7ace6bf53a5a9e1b5c5f5f"
  
  preserve@^0.2.0:
    version "0.2.0"
    resolved "https://registry.yarnpkg.com/preserve/-/preserve-0.2.0.tgz#815ed1f6ebc65926f865b310c0713bcb3315ce4b"
  
  process-nextick-args@~1.0.6:
    version "1.0.7"
    resolved "https://registry.yarnpkg.com/process-nextick-args/-/process-nextick-args-1.0.7.tgz#150e20b756590ad3f91093f25a4f2ad8bff30ba3"
  
  question-cache@^0.3.0:
    version "0.3.5"
    resolved "https://registry.yarnpkg.com/question-cache/-/question-cache-0.3.5.tgz#cd263948c206fab79c2236c741ae741682db65b3"
    dependencies:
      get-value "^2.0.2"
      has-value "^0.3.0"
      inquirer2 "github:jonschlinkert/inquirer2"
      kind-of "^3.0.2"
      lazy-cache "^1.0.3"
      mixin-deep "^1.1.3"
      set-value "^0.3.2"
  
  randomatic@^1.1.3:
    version "1.1.7"
    resolved "https://registry.yarnpkg.com/randomatic/-/randomatic-1.1.7.tgz#c7abe9cc8b87c0baa876b19fde83fd464797e38c"
    dependencies:
      is-number "^3.0.0"
      kind-of "^4.0.0"
  
  readable-stream@^2.1.5, readable-stream@^2.2.2:
    version "2.3.3"
    resolved "https://registry.yarnpkg.com/readable-stream/-/readable-stream-2.3.3.tgz#368f2512d79f9d46fdfc71349ae7878bbc1eb95c"
    dependencies:
      core-util-is "~1.0.0"
      inherits "~2.0.3"
      isarray "~1.0.0"
      process-nextick-args "~1.0.6"
      safe-buffer "~5.1.1"
      string_decoder "~1.0.3"
      util-deprecate "~1.0.1"
  
  readline2@^1.0.1:
    version "1.0.1"
    resolved "https://registry.yarnpkg.com/readline2/-/readline2-1.0.1.tgz#41059608ffc154757b715d9989d199ffbf372e35"
    dependencies:
      code-point-at "^1.0.0"
      is-fullwidth-code-point "^1.0.0"
      mute-stream "0.0.5"
  
  regex-cache@^0.4.2:
    version "0.4.4"
    resolved "https://registry.yarnpkg.com/regex-cache/-/regex-cache-0.4.4.tgz#75bdc58a2a1496cec48a12835bc54c8d562336dd"
    dependencies:
      is-equal-shallow "^0.1.3"
  
  remote-origin-url@^0.4.0:
    version "0.4.0"
    resolved "https://registry.yarnpkg.com/remote-origin-url/-/remote-origin-url-0.4.0.tgz#4d3e2902f34e2d37d1c263d87710b77eb4086a30"
    dependencies:
      parse-git-config "^0.2.0"
  
  remove-trailing-separator@^1.0.1:
    version "1.1.0"
    resolved "https://registry.yarnpkg.com/remove-trailing-separator/-/remove-trailing-separator-1.1.0.tgz#c24bce2a283adad5bc3f58e0d48249b92379d8ef"
  
  repeat-element@^1.1.2:
    version "1.1.2"
    resolved "https://registry.yarnpkg.com/repeat-element/-/repeat-element-1.1.2.tgz#ef089a178d1483baae4d93eb98b4f9e4e11d990a"
  
  repeat-string@^1.5.2:
    version "1.6.1"
    resolved "https://registry.yarnpkg.com/repeat-string/-/repeat-string-1.6.1.tgz#8dcae470e1c88abc2d600fff4a776286da75e637"
  
  resolve-dir@^0.1.0:
    version "0.1.1"
    resolved "https://registry.yarnpkg.com/resolve-dir/-/resolve-dir-0.1.1.tgz#b219259a5602fac5c5c496ad894a6e8cc430261e"
    dependencies:
      expand-tilde "^1.2.2"
      global-modules "^0.2.3"
  
  restore-cursor@^1.0.1:
    version "1.0.1"
    resolved "https://registry.yarnpkg.com/restore-cursor/-/restore-cursor-1.0.1.tgz#34661f46886327fed2991479152252df92daa541"
    dependencies:
      exit-hook "^1.0.0"
      onetime "^1.0.0"
  
  right-pad-values@^0.3.1:
    version "0.3.1"
    resolved "https://registry.yarnpkg.com/right-pad-values/-/right-pad-values-0.3.1.tgz#e7f47b50bc32e14dc49fd6acd73052253e7ef8a4"
    dependencies:
      isobject "^2.0.0"
      longest-value "^0.2.0"
      pad-right "^0.2.2"
  
  rimraf@^2.4.3:
    version "2.6.2"
    resolved "https://registry.yarnpkg.com/rimraf/-/rimraf-2.6.2.tgz#2ed8150d24a16ea8651e6d6ef0f47c4158ce7a36"
    dependencies:
      glob "^7.0.5"
  
  run-async@^0.1.0:
    version "0.1.0"
    resolved "https://registry.yarnpkg.com/run-async/-/run-async-0.1.0.tgz#c8ad4a5e110661e402a7d21b530e009f25f8e389"
    dependencies:
      once "^1.3.0"
  
  rx-lite@^3.1.2:
    version "3.1.2"
    resolved "https://registry.yarnpkg.com/rx-lite/-/rx-lite-3.1.2.tgz#19ce502ca572665f3b647b10939f97fd1615f102"
  
  rx-lite@^4.0.7:
    version "4.0.8"
    resolved "https://registry.yarnpkg.com/rx-lite/-/rx-lite-4.0.8.tgz#0b1e11af8bc44836f04a6407e92da42467b79444"
  
  safe-buffer@~5.1.0, safe-buffer@~5.1.1:
    version "5.1.1"
    resolved "https://registry.yarnpkg.com/safe-buffer/-/safe-buffer-5.1.1.tgz#893312af69b2123def71f57889001671eeb2c853"
  
  set-getter@^0.1.0:
    version "0.1.0"
    resolved "https://registry.yarnpkg.com/set-getter/-/set-getter-0.1.0.tgz#d769c182c9d5a51f409145f2fba82e5e86e80376"
    dependencies:
      to-object-path "^0.3.0"
  
  set-value@^0.2.0:
    version "0.2.0"
    resolved "https://registry.yarnpkg.com/set-value/-/set-value-0.2.0.tgz#73b0a6825c158c6a16a82bbdc95775bf2a825fab"
    dependencies:
      isobject "^1.0.0"
      noncharacters "^1.1.0"
  
  set-value@^0.3.2:
    version "0.3.3"
    resolved "https://registry.yarnpkg.com/set-value/-/set-value-0.3.3.tgz#b81223681638a1088fd88a435b8a9d32dae8d9ba"
    dependencies:
      extend-shallow "^2.0.1"
      isobject "^2.0.0"
      to-object-path "^0.2.0"
  
  shallow-clone@^0.1.2:
    version "0.1.2"
    resolved "https://registry.yarnpkg.com/shallow-clone/-/shallow-clone-0.1.2.tgz#5909e874ba77106d73ac414cfec1ffca87d97060"
    dependencies:
      is-extendable "^0.1.1"
      kind-of "^2.0.1"
      lazy-cache "^0.2.3"
      mixin-object "^2.0.1"
  
  simple-get@^1.4.3:
    version "1.4.3"
    resolved "https://registry.yarnpkg.com/simple-get/-/simple-get-1.4.3.tgz#e9755eda407e96da40c5e5158c9ea37b33becbeb"
    dependencies:
      once "^1.3.1"
      unzip-response "^1.0.0"
      xtend "^4.0.0"
  
  spawn-commands@^0.3.1:
    version "0.3.1"
    resolved "https://registry.yarnpkg.com/spawn-commands/-/spawn-commands-0.3.1.tgz#2b1add2e26abe77174fa0dc4b0bdd858c4b742b9"
    dependencies:
      async-each-series "^1.0.0"
  
  string_decoder@~1.0.3:
    version "1.0.3"
    resolved "https://registry.yarnpkg.com/string_decoder/-/string_decoder-1.0.3.tgz#0fc67d7c141825de94282dd536bec6b9bce860ab"
    dependencies:
      safe-buffer "~5.1.0"
  
  stringify-author@^0.1.2:
    version "0.1.3"
    resolved "https://registry.yarnpkg.com/stringify-author/-/stringify-author-0.1.3.tgz#d581e02ce0b55cda3c953e62add211fae4b0ef66"
  
  strip-ansi@^3.0.0:
    version "3.0.1"
    resolved "https://registry.yarnpkg.com/strip-ansi/-/strip-ansi-3.0.1.tgz#6a385fb8853d952d5ff05d0e8aaf94278dc63dcf"
    dependencies:
      ansi-regex "^2.0.0"
  
  strip-color@^0.1.0:
    version "0.1.0"
    resolved "https://registry.yarnpkg.com/strip-color/-/strip-color-0.1.0.tgz#106f65d3d3e6a2d9401cac0eb0ce8b8a702b4f7b"
  
  supports-color@^2.0.0:
    version "2.0.0"
    resolved "https://registry.yarnpkg.com/supports-color/-/supports-color-2.0.0.tgz#535d045ce6b6363fa40117084629995e9df324c7"
  
  supports-color@^4.0.0:
    version "4.4.0"
    resolved "https://registry.yarnpkg.com/supports-color/-/supports-color-4.4.0.tgz#883f7ddabc165142b2a61427f3352ded195d1a3e"
    dependencies:
      has-flag "^2.0.0"
  
  through2@^2.0.0:
    version "2.0.3"
    resolved "https://registry.yarnpkg.com/through2/-/through2-2.0.3.tgz#0004569b37c7c74ba39c43f3ced78d1ad94140be"
    dependencies:
      readable-stream "^2.1.5"
      xtend "~4.0.1"
  
  through@^2.3.6:
    version "2.3.8"
    resolved "https://registry.yarnpkg.com/through/-/through-2.3.8.tgz#0dd4c9ffaabc357960b1b724115d7e0e86a2e1f5"
  
  to-gfm-code-block@^0.1.1:
    version "0.1.1"
    resolved "https://registry.yarnpkg.com/to-gfm-code-block/-/to-gfm-code-block-0.1.1.tgz#25d045a5fae553189e9637b590900da732d8aa82"
  
  to-object-path@^0.2.0:
    version "0.2.0"
    resolved "https://registry.yarnpkg.com/to-object-path/-/to-object-path-0.2.0.tgz#1634e1b52a88ba00e3949619fc0081dc9a3b07ca"
    dependencies:
      arr-flatten "^1.0.1"
      is-arguments "^1.0.2"
  
  to-object-path@^0.3.0:
    version "0.3.0"
    resolved "https://registry.yarnpkg.com/to-object-path/-/to-object-path-0.3.0.tgz#297588b7b0e7e0ac08e04e672f85c1f4999e17af"
    dependencies:
      kind-of "^3.0.2"
  
  typedarray@^0.0.6:
    version "0.0.6"
    resolved "https://registry.yarnpkg.com/typedarray/-/typedarray-0.0.6.tgz#867ac74e3864187b1d3d47d996a78ec5c8830777"
  
  union-value@^0.1.1:
    version "0.1.1"
    resolved "https://registry.yarnpkg.com/union-value/-/union-value-0.1.1.tgz#6920e5907eee2bff11b7c7fb098b888bfa7cc54f"
    dependencies:
      arr-union "^3.0.0"
      get-value "^1.1.5"
      is-extendable "^0.1.1"
      set-value "^0.2.0"
  
  unset-value@^0.1.0:
    version "0.1.2"
    resolved "https://registry.yarnpkg.com/unset-value/-/unset-value-0.1.2.tgz#506810b867f27c2a5a6e9b04833631f6de58d310"
    dependencies:
      has-value "^0.3.1"
      isobject "^3.0.0"
  
  unzip-response@^1.0.0:
    version "1.0.2"
    resolved "https://registry.yarnpkg.com/unzip-response/-/unzip-response-1.0.2.tgz#b984f0877fc0a89c2c773cc1ef7b5b232b5b06fe"
  
  update-contributors@^0.3.1:
    version "0.3.1"
    resolved "https://registry.yarnpkg.com/update-contributors/-/update-contributors-0.3.1.tgz#03819e71c4067e0dbed2d360eaab03c0b9cf2446"
    dependencies:
      ansi-gray "^0.1.1"
      ansi-green "^0.1.1"
      ansi-red "^0.1.1"
      ask-for-github-auth "^0.3.1"
      async "^1.4.2"
      component-emitter "^1.2.0"
      cwd "^0.8.0"
      data-store "^0.10.0"
      github-base "^0.3.2"
      github-contributors "^0.2.0"
      has-generators "^1.0.1"
      lazy-cache "^0.2.3"
      load-pkg "^1.3.0"
      map-config "^0.1.1"
      minimist "^1.2.0"
      mixin-deep "^1.1.3"
      object.omit "^2.0.0"
      parse-github-url "^0.2.0"
      spawn-commands "^0.3.1"
      stringify-author "^0.1.2"
      write "^0.2.1"
  
  util-deprecate@~1.0.1:
    version "1.0.2"
    resolved "https://registry.yarnpkg.com/util-deprecate/-/util-deprecate-1.0.2.tgz#450d4dc9fa70de732762fbd2d4a28981419a0ccf"
  
  which@^1.2.12:
    version "1.3.0"
    resolved "https://registry.yarnpkg.com/which/-/which-1.3.0.tgz#ff04bdfc010ee547d780bec38e1ac1c2777d253a"
    dependencies:
      isexe "^2.0.0"
  
  wrappy@1:
    version "1.0.2"
    resolved "https://registry.yarnpkg.com/wrappy/-/wrappy-1.0.2.tgz#b5243d8f3ec1aa35f1364605bc0d1036e30ab69f"
  
  write@^0.2.1:
    version "0.2.1"
    resolved "https://registry.yarnpkg.com/write/-/write-0.2.1.tgz#5fc03828e264cea3fe91455476f7a3c566cb0757"
    dependencies:
      mkdirp "^0.5.1"
  
  xtend@^4.0.0, xtend@~4.0.0, xtend@~4.0.1:
    version "4.0.1"
    resolved "https://registry.yarnpkg.com/xtend/-/xtend-4.0.1.tgz#a5c6d532be656e23db820efb943a1f04998d63af"
  
  yarn-upgrade-all@^0.2.0:
    version "0.2.0"
    resolved "https://registry.yarnpkg.com/yarn-upgrade-all/-/yarn-upgrade-all-0.2.0.tgz#afd9c6dcddc1dbb4e63d1675419a76d003c8aa24"
    dependencies:
      chalk "^2.1.0"

Trace: 
  Error: EACCES: permission denied, unlink '/Users/heath.shults/Documents/Websites/USAFB/http/node_modules/.bin/mkdirp'
